<?xml version="1.0" encoding="UTF-8"?>
<testng-results ignored="0" total="1" passed="1" failed="0" skipped="0">
  <reporter-output>
  </reporter-output>
  <suite started-at="2023-03-18T18:56:49Z" name="Default suite" finished-at="2023-03-18T18:56:51Z" duration-ms="1369">
    <groups>
    </groups>
    <test started-at="2023-03-18T18:56:49Z" name="Default test" finished-at="2023-03-18T18:56:51Z" duration-ms="1369">
      <class name="pruebas.Laboratorio6_E2Test">
        <test-method is-config="true" signature="setUp()[pri:0, instance:pruebas.Laboratorio6_E2Test@8458f04]" started-at="2023-03-18T13:56:40Z" name="setUp" finished-at="2023-03-18T13:56:49Z" duration-ms="8926" status="PASS">
          <reporter-output>
          </reporter-output>
        </test-method> <!-- setUp -->
        <test-method signature="NavegadorHeadless()[pri:0, instance:pruebas.Laboratorio6_E2Test@8458f04]" started-at="2023-03-18T13:56:49Z" name="NavegadorHeadless" finished-at="2023-03-18T13:56:51Z" duration-ms="1336" status="PASS">
          <reporter-output>
          </reporter-output>
        </test-method> <!-- NavegadorHeadless -->
        <test-method is-config="true" signature="cerrar()[pri:0, instance:pruebas.Laboratorio6_E2Test@8458f04]" started-at="2023-03-18T13:56:51Z" name="cerrar" finished-at="2023-03-18T13:56:51Z" duration-ms="179" status="PASS">
          <reporter-output>
          </reporter-output>
        </test-method> <!-- cerrar -->
      </class> <!-- pruebas.Laboratorio6_E2Test -->
    </test> <!-- Default test -->
  </suite> <!-- Default suite -->
</testng-results>
